{"L":"FATAL","timestamp":"2025-07-29T19:11:24.947+0700","C":"go-42/main.go:33","M":"can't connect to database ","error":"dial tcp 192.168.1.7:5432: connect: connection refused"}
{"L":"FATAL","timestamp":"2025-07-29T19:12:38.124+0700","C":"go-42/main.go:33","M":"can't connect to database ","error":"dial tcp 192.168.1.7:5432: connect: connection refused"}
{"L":"FATAL","timestamp":"2025-07-29T19:14:48.720+0700","C":"go-42/main.go:41","M":"failed to run migrations","error":"pq: got 2 parameters but the statement requires 1"}
{"L":"INFO","timestamp":"2025-07-29T19:26:18.398+0700","C":"middleware/logger.go:24","M":"HTTP Request","method":"POST","path":"/login","duration":"1.107µs"}
{"L":"INFO","timestamp":"2025-07-29T19:26:43.092+0700","C":"middleware/logger.go:24","M":"HTTP Request","method":"POST","path":"/api/v1/login","duration":"335.31µs"}
{"L":"INFO","timestamp":"2025-07-29T19:27:19.111+0700","C":"middleware/logger.go:24","M":"HTTP Request","method":"POST","path":"/api/v1/login","duration":"98.937µs"}
{"L":"INFO","timestamp":"2025-07-29T19:27:24.114+0700","C":"middleware/logger.go:24","M":"HTTP Request","method":"POST","path":"/api/v1/login","duration":"96.434µs"}
{"L":"INFO","timestamp":"2025-07-29T19:27:26.641+0700","C":"middleware/logger.go:24","M":"HTTP Request","method":"POST","path":"/api/v1/login","duration":"116.203µs"}
{"L":"INFO","timestamp":"2025-07-29T19:27:46.118+0700","C":"middleware/logger.go:24","M":"HTTP Request","method":"POST","path":"/api/v1/login","duration":"91.213µs"}
{"L":"FATAL","timestamp":"2025-07-29T19:28:38.807+0700","C":"go-42/main.go:41","M":"failed to run migrations","error":"pq: got 2 parameters but the statement requires 1"}
{"L":"INFO","timestamp":"2025-07-29T19:28:57.277+0700","C":"middleware/logger.go:24","M":"HTTP Request","method":"POST","path":"/api/v1/login","duration":"255.919µs"}
{"L":"INFO","timestamp":"2025-07-29T19:29:13.488+0700","C":"middleware/logger.go:24","M":"HTTP Request","method":"POST","path":"/api/v1/login","duration":"1.331263ms"}
{"L":"FATAL","timestamp":"2025-07-29T19:31:50.717+0700","C":"go-42/main.go:41","M":"failed to run migrations","error":"pq: got 2 parameters but the statement requires 1"}
{"L":"INFO","timestamp":"2025-07-29T19:51:07.787+0700","C":"middleware/logger.go:24","M":"HTTP Request","method":"POST","path":"/api/v1/login","duration":"439.901µs"}
{"L":"INFO","timestamp":"2025-07-29T19:51:21.209+0700","C":"middleware/logger.go:24","M":"HTTP Request","method":"POST","path":"/api/v1/login","duration":"5.694726ms"}
{"L":"INFO","timestamp":"2025-07-29T19:54:25.803+0700","C":"middleware/logger.go:24","M":"HTTP Request","method":"GET","path":"/api/v1/users","duration":"2.957776ms"}
{"L":"INFO","timestamp":"2025-07-29T19:55:39.237+0700","C":"middleware/logger.go:24","M":"HTTP Request","method":"GET","path":"/api/v1/users","duration":"4.848143ms"}
{"L":"INFO","timestamp":"2025-07-29T19:56:03.524+0700","C":"middleware/logger.go:24","M":"HTTP Request","method":"GET","path":"/api/v1/users","duration":"2.03168ms"}
{"L":"INFO","timestamp":"2025-07-29T19:56:52.467+0700","C":"middleware/logger.go:24","M":"HTTP Request","method":"GET","path":"/api/v1/users","duration":"4.275594ms"}
{"L":"INFO","timestamp":"2025-07-29T19:59:09.965+0700","C":"middleware/logger.go:24","M":"HTTP Request","method":"GET","path":"/api/v1/users","duration":"1.27168ms"}
{"L":"INFO","timestamp":"2025-07-29T19:59:39.357+0700","C":"middleware/logger.go:24","M":"HTTP Request","method":"GET","path":"/api/v1/users","duration":"2.492665ms"}
{"L":"FATAL","timestamp":"2025-07-29T20:34:34.103+0700","C":"go-42/main.go:42","M":"failed to run migrations","error":"pq: got 2 parameters but the statement requires 1"}
{"L":"INFO","timestamp":"2025-07-29T20:35:04.614+0700","C":"middleware/logger.go:24","M":"HTTP Request","method":"POST","path":"/api/v1/login","duration":"239.597µs"}
{"L":"INFO","timestamp":"2025-07-29T20:39:05.563+0700","C":"middleware/logger.go:24","M":"HTTP Request","method":"POST","path":"/api/v1/login","duration":"402.594µs"}
{"L":"INFO","timestamp":"2025-07-29T20:52:22.620+0700","C":"middleware/logger.go:24","M":"HTTP Request","method":"POST","path":"/api/v1/login","duration":"1.931179ms"}
{"L":"INFO","timestamp":"2025-07-29T20:55:40.860+0700","C":"middleware/logger.go:24","M":"HTTP Request","method":"GET","path":"/api/v1/users","duration":"3.678163ms"}
{"L":"INFO","timestamp":"2025-07-29T20:57:56.874+0700","C":"middleware/logger.go:24","M":"HTTP Request","method":"GET","path":"/api/v1/users","duration":"3.802574ms"}
{"L":"INFO","timestamp":"2025-07-29T20:58:02.806+0700","C":"middleware/logger.go:24","M":"HTTP Request","method":"GET","path":"/api/v1/users","duration":"1.47249ms"}
{"L":"INFO","timestamp":"2025-07-29T20:59:03.804+0700","C":"middleware/logger.go:24","M":"HTTP Request","method":"GET","path":"/api/v1/users","duration":"1.768488ms"}
{"L":"INFO","timestamp":"2025-07-29T21:00:05.765+0700","C":"middleware/logger.go:24","M":"HTTP Request","method":"GET","path":"/api/v1/users","duration":"3.089077ms"}
{"L":"INFO","timestamp":"2025-07-29T21:02:21.372+0700","C":"middleware/logger.go:24","M":"HTTP Request","method":"GET","path":"/api/v1/users","duration":"1.925285ms"}
{"L":"INFO","timestamp":"2025-07-29T21:02:59.513+0700","C":"middleware/logger.go:24","M":"HTTP Request","method":"GET","path":"/api/v1/users","duration":"4.371865ms"}
{"L":"INFO","timestamp":"2025-07-29T21:04:56.441+0700","C":"middleware/logger.go:24","M":"HTTP Request","method":"GET","path":"/api/v1/users","duration":"122.999µs"}
{"L":"INFO","timestamp":"2025-07-29T21:06:33.496+0700","C":"middleware/logger.go:24","M":"HTTP Request","method":"GET","path":"/api/v1/users","duration":"183.399µs"}
{"L":"INFO","timestamp":"2025-07-29T21:07:01.269+0700","C":"middleware/logger.go:24","M":"HTTP Request","method":"GET","path":"/api/v1/users","duration":"177.799µs"}
{"L":"INFO","timestamp":"2025-07-29T21:08:09.188+0700","C":"middleware/logger.go:24","M":"HTTP Request","method":"POST","path":"/api/v1/login","duration":"3.333974ms"}
{"L":"INFO","timestamp":"2025-07-29T21:08:28.131+0700","C":"middleware/logger.go:24","M":"HTTP Request","method":"GET","path":"/api/v1/users","duration":"2.045784ms"}
{"L":"INFO","timestamp":"2025-07-29T21:09:40.292+0700","C":"middleware/logger.go:24","M":"HTTP Request","method":"GET","path":"/api/v1/users","duration":"182.698µs"}
{"L":"INFO","timestamp":"2025-07-29T21:09:45.802+0700","C":"middleware/logger.go:24","M":"HTTP Request","method":"GET","path":"/api/v1/users","duration":"1.761486ms"}
{"L":"INFO","timestamp":"2025-07-29T21:09:54.136+0700","C":"middleware/logger.go:24","M":"HTTP Request","method":"GET","path":"/api/v1/users","duration":"72.8µs"}
{"L":"INFO","timestamp":"2025-07-29T21:10:00.711+0700","C":"middleware/logger.go:24","M":"HTTP Request","method":"GET","path":"/api/v1/users","duration":"2.566881ms"}
